0 info it worked if it ends with ok
1 verbose cli [ '/Users/brentoneill/.nvm/versions/node/v6.0.0/bin/node',
1 verbose cli   '/Users/brentoneill/.nvm/versions/node/v6.0.0/bin/npm',
1 verbose cli   'publish' ]
2 info using npm@3.10.10
3 info using node@v6.0.0
4 verbose publish [ '.' ]
5 verbose stack Error: Failed to parse json
5 verbose stack Unexpected token '"' at 5:3
5 verbose stack   "description": "A command line tool for generating common enzyme test file bo
5 verbose stack   ^
5 verbose stack     at parseError (/Users/brentoneill/.nvm/versions/node/v6.0.0/lib/node_modules/npm/node_modules/read-package-json/read-json.js:390:11)
5 verbose stack     at parseJson (/Users/brentoneill/.nvm/versions/node/v6.0.0/lib/node_modules/npm/node_modules/read-package-json/read-json.js:79:23)
5 verbose stack     at /Users/brentoneill/.nvm/versions/node/v6.0.0/lib/node_modules/npm/node_modules/read-package-json/read-json.js:48:5
5 verbose stack     at /Users/brentoneill/.nvm/versions/node/v6.0.0/lib/node_modules/npm/node_modules/graceful-fs/graceful-fs.js:78:16
5 verbose stack     at tryToString (fs.js:449:3)
5 verbose stack     at FSReqWrap.readFileAfterClose [as oncomplete] (fs.js:436:12)
6 verbose cwd /Users/brentoneill/Desktop/ribo
7 error Darwin 15.6.0
8 error argv "/Users/brentoneill/.nvm/versions/node/v6.0.0/bin/node" "/Users/brentoneill/.nvm/versions/node/v6.0.0/bin/npm" "publish"
9 error node v6.0.0
10 error npm  v3.10.10
11 error file /Users/brentoneill/Desktop/ribo/package.json
12 error code EJSONPARSE
13 error Failed to parse json
13 error Unexpected token '"' at 5:3
13 error   "description": "A command line tool for generating common enzyme test file bo
13 error   ^
14 error File: /Users/brentoneill/Desktop/ribo/package.json
15 error Failed to parse package.json data.
15 error package.json must be actual JSON, not just JavaScript.
15 error
15 error This is not a bug in npm.
15 error Tell the package author to fix their package.json file. JSON.parse
16 verbose exit [ 1, true ]
